<?xml version="1.0" encoding="UTF-8"?>
<testng-results skipped="0" failed="0" total="3" passed="3">
  <reporter-output>
  </reporter-output>
  <suite name="Suite" duration-ms="61725" started-at="2018-10-23T06:16:44Z" finished-at="2018-10-23T06:17:45Z">
    <groups>
    </groups>
    <test name="Test" duration-ms="61725" started-at="2018-10-23T06:16:44Z" finished-at="2018-10-23T06:17:45Z">
      <class name="testCases.TC_001">
        <test-method status="PASS" signature="beforetest()[pri:0, instance:testCases.TC_001@643b1d11]" name="beforetest" is-config="true" duration-ms="4419" started-at="2018-10-23T11:46:39Z" finished-at="2018-10-23T11:46:44Z">
          <reporter-output>
          </reporter-output>
        </test-method> <!-- beforetest -->
        <test-method status="PASS" signature="login()[pri:0, instance:testCases.TC_001@643b1d11]" name="login" duration-ms="22649" started-at="2018-10-23T11:46:44Z" finished-at="2018-10-23T11:47:06Z">
          <reporter-output>
          </reporter-output>
        </test-method> <!-- login -->
        <test-method status="PASS" signature="select_product()[pri:0, instance:testCases.TC_001@643b1d11]" name="select_product" duration-ms="22975" started-at="2018-10-23T11:47:06Z" depends-on-methods="testCases.TC_001.login" finished-at="2018-10-23T11:47:29Z">
          <reporter-output>
          </reporter-output>
        </test-method> <!-- select_product -->
        <test-method status="PASS" signature="Add_address()[pri:0, instance:testCases.TC_001@643b1d11]" name="Add_address" duration-ms="16090" started-at="2018-10-23T11:47:29Z" depends-on-methods="testCases.TC_001.select_product" finished-at="2018-10-23T11:47:45Z">
          <reporter-output>
          </reporter-output>
        </test-method> <!-- Add_address -->
        <test-method status="PASS" signature="endtest()[pri:0, instance:testCases.TC_001@643b1d11]" name="endtest" is-config="true" duration-ms="1500" started-at="2018-10-23T11:47:45Z" finished-at="2018-10-23T11:47:47Z">
          <reporter-output>
          </reporter-output>
        </test-method> <!-- endtest -->
      </class> <!-- testCases.TC_001 -->
    </test> <!-- Test -->
  </suite> <!-- Suite -->
</testng-results>
